<?xml version="1.0" encoding="UTF-8"?>
<!-- Generated by org.testng.reporters.JUnitXMLReporter -->
<testsuite ignored="0" hostname="mhaskar-WX-1" failures="0" tests="5" name="Default test" time="70.099" errors="0" timestamp="2021-03-05T15:55:09 GMT+05:30">
  <testcase classname="cucumber.api.testng.AbstractTestNGCucumberTests" name="feature" time="1.601"/>
  <testcase classname="cucumber.api.testng.AbstractTestNGCucumberTests" name="feature" time="1.639"/>
  <testcase classname="cucumber.api.testng.AbstractTestNGCucumberTests" name="feature" time="0.259"/>
  <testcase classname="cucumber.api.testng.AbstractTestNGCucumberTests" name="feature" time="32.832"/>
  <testcase classname="cucumber.api.testng.AbstractTestNGCucumberTests" name="feature" time="33.228"/>
</testsuite> <!-- Default test -->
